2024-05-05 10:54:22 0 [Note] Starting MariaDB 10.4.28-MariaDB source revision c8f2e9a5c0ac5905f28b050b7df5a9ffd914b7e7 as process 17440
2024-05-05 10:54:22 0 [Note] InnoDB: Mutexes and rw_locks use Windows interlocked functions
2024-05-05 10:54:22 0 [Note] InnoDB: Uses event mutexes
2024-05-05 10:54:22 0 [Note] InnoDB: Compressed tables use zlib 1.2.12
2024-05-05 10:54:22 0 [Note] InnoDB: Number of pools: 1
2024-05-05 10:54:22 0 [Note] InnoDB: Using SSE2 crc32 instructions
2024-05-05 10:54:22 0 [Note] InnoDB: Initializing buffer pool, total size = 16M, instances = 1, chunk size = 16M
2024-05-05 10:54:22 0 [Note] InnoDB: Completed initialization of buffer pool
2024-05-05 10:54:22 0 [Note] InnoDB: Starting crash recovery from checkpoint LSN=300288
2024-05-05 10:54:22 0 [Note] InnoDB: 128 out of 128 rollback segments are active.
2024-05-05 10:54:22 0 [Note] InnoDB: Removed temporary tablespace data file: "ibtmp1"
2024-05-05 10:54:22 0 [Note] InnoDB: Creating shared tablespace for temporary tables
2024-05-05 10:54:22 0 [Note] InnoDB: Setting file 'C:\xampp\mysql\data\ibtmp1' size to 12 MB. Physically writing the file full; Please wait ...
2024-05-05 10:54:22 0 [Note] InnoDB: File 'C:\xampp\mysql\data\ibtmp1' size is now 12 MB.
2024-05-05 10:54:22 0 [Note] InnoDB: 10.4.28 started; log sequence number 300297; transaction id 170
2024-05-05 10:54:22 0 [Note] InnoDB: Loading buffer pool(s) from C:\xampp\mysql\data\ib_buffer_pool
2024-05-05 10:54:22 0 [Note] Plugin 'FEEDBACK' is disabled.
2024-05-05 10:54:22 0 [Note] InnoDB: Buffer pool(s) load completed at 240505 10:54:22
2024-05-05 10:54:22 0 [Note] Server socket created on IP: '::'.
2024-05-06  9:49:26 0 [Note] Starting MariaDB 10.4.28-MariaDB source revision c8f2e9a5c0ac5905f28b050b7df5a9ffd914b7e7 as process 6720
2024-05-06  9:49:26 0 [Note] InnoDB: Mutexes and rw_locks use Windows interlocked functions
2024-05-06  9:49:26 0 [Note] InnoDB: Uses event mutexes
2024-05-06  9:49:26 0 [Note] InnoDB: Compressed tables use zlib 1.2.12
2024-05-06  9:49:26 0 [Note] InnoDB: Number of pools: 1
2024-05-06  9:49:26 0 [Note] InnoDB: Using SSE2 crc32 instructions
2024-05-06  9:49:26 0 [Note] InnoDB: Initializing buffer pool, total size = 16M, instances = 1, chunk size = 16M
2024-05-06  9:49:26 0 [Note] InnoDB: Completed initialization of buffer pool
2024-05-06  9:49:26 0 [Note] InnoDB: Starting crash recovery from checkpoint LSN=342088
2024-05-06  9:49:27 0 [Note] InnoDB: 128 out of 128 rollback segments are active.
2024-05-06  9:49:27 0 [Note] InnoDB: Removed temporary tablespace data file: "ibtmp1"
2024-05-06  9:49:27 0 [Note] InnoDB: Creating shared tablespace for temporary tables
2024-05-06  9:49:27 0 [Note] InnoDB: Setting file 'C:\xampp\mysql\data\ibtmp1' size to 12 MB. Physically writing the file full; Please wait ...
2024-05-06  9:49:27 0 [Note] InnoDB: File 'C:\xampp\mysql\data\ibtmp1' size is now 12 MB.
2024-05-06  9:49:27 0 [Note] InnoDB: Waiting for purge to start
2024-05-06  9:49:27 0 [Note] InnoDB: 10.4.28 started; log sequence number 342097; transaction id 304
2024-05-06  9:49:27 0 [Note] InnoDB: Loading buffer pool(s) from C:\xampp\mysql\data\ib_buffer_pool
2024-05-06  9:49:27 0 [Note] Plugin 'FEEDBACK' is disabled.
2024-05-06  9:49:27 0 [Note] InnoDB: Buffer pool(s) load completed at 240506  9:49:27
2024-05-06  9:49:27 0 [Note] Server socket created on IP: '::'.
2024-05-06 14:31:27 0 [Note] Starting MariaDB 10.4.28-MariaDB source revision c8f2e9a5c0ac5905f28b050b7df5a9ffd914b7e7 as process 7888
2024-05-06 14:31:27 0 [Note] InnoDB: Mutexes and rw_locks use Windows interlocked functions
2024-05-06 14:31:27 0 [Note] InnoDB: Uses event mutexes
2024-05-06 14:31:27 0 [Note] InnoDB: Compressed tables use zlib 1.2.12
2024-05-06 14:31:27 0 [Note] InnoDB: Number of pools: 1
2024-05-06 14:31:27 0 [Note] InnoDB: Using SSE2 crc32 instructions
2024-05-06 14:31:27 0 [Note] InnoDB: Initializing buffer pool, total size = 16M, instances = 1, chunk size = 16M
2024-05-06 14:31:27 0 [Note] InnoDB: Completed initialization of buffer pool
2024-05-06 14:31:27 0 [Note] InnoDB: Starting crash recovery from checkpoint LSN=342652
2024-05-06 14:31:27 0 [Note] InnoDB: 128 out of 128 rollback segments are active.
2024-05-06 14:31:27 0 [Note] InnoDB: Removed temporary tablespace data file: "ibtmp1"
2024-05-06 14:31:27 0 [Note] InnoDB: Creating shared tablespace for temporary tables
2024-05-06 14:31:27 0 [Note] InnoDB: Setting file 'C:\xampp\mysql\data\ibtmp1' size to 12 MB. Physically writing the file full; Please wait ...
2024-05-06 14:31:27 0 [Note] InnoDB: File 'C:\xampp\mysql\data\ibtmp1' size is now 12 MB.
2024-05-06 14:31:27 0 [Note] InnoDB: 10.4.28 started; log sequence number 342661; transaction id 327
2024-05-06 14:31:27 0 [Note] InnoDB: Loading buffer pool(s) from C:\xampp\mysql\data\ib_buffer_pool
2024-05-06 14:31:27 0 [Note] Plugin 'FEEDBACK' is disabled.
2024-05-06 14:31:27 0 [Note] InnoDB: Buffer pool(s) load completed at 240506 14:31:27
2024-05-06 14:31:27 0 [Note] Server socket created on IP: '::'.
2024-05-07  9:40:05 0 [Note] Starting MariaDB 10.4.28-MariaDB source revision c8f2e9a5c0ac5905f28b050b7df5a9ffd914b7e7 as process 1044
2024-05-07  9:40:05 0 [Note] InnoDB: Mutexes and rw_locks use Windows interlocked functions
2024-05-07  9:40:05 0 [Note] InnoDB: Uses event mutexes
2024-05-07  9:40:05 0 [Note] InnoDB: Compressed tables use zlib 1.2.12
2024-05-07  9:40:05 0 [Note] InnoDB: Number of pools: 1
2024-05-07  9:40:05 0 [Note] InnoDB: Using SSE2 crc32 instructions
2024-05-07  9:40:05 0 [Note] InnoDB: Initializing buffer pool, total size = 16M, instances = 1, chunk size = 16M
2024-05-07  9:40:05 0 [Note] InnoDB: Completed initialization of buffer pool
2024-05-07  9:40:05 0 [Note] InnoDB: Starting crash recovery from checkpoint LSN=352688
2024-05-07  9:40:06 0 [Note] InnoDB: 128 out of 128 rollback segments are active.
2024-05-07  9:40:06 0 [Note] InnoDB: Removed temporary tablespace data file: "ibtmp1"
2024-05-07  9:40:06 0 [Note] InnoDB: Creating shared tablespace for temporary tables
2024-05-07  9:40:06 0 [Note] InnoDB: Setting file 'C:\xampp\mysql\data\ibtmp1' size to 12 MB. Physically writing the file full; Please wait ...
2024-05-07  9:40:06 0 [Note] InnoDB: File 'C:\xampp\mysql\data\ibtmp1' size is now 12 MB.
2024-05-07  9:40:06 0 [Note] InnoDB: 10.4.28 started; log sequence number 352697; transaction id 382
2024-05-07  9:40:06 0 [Note] InnoDB: Loading buffer pool(s) from C:\xampp\mysql\data\ib_buffer_pool
2024-05-07  9:40:06 0 [Note] Plugin 'FEEDBACK' is disabled.
2024-05-07  9:40:06 0 [Note] InnoDB: Buffer pool(s) load completed at 240507  9:40:06
2024-05-07  9:40:06 0 [Note] Server socket created on IP: '::'.
2024-05-07 10:12:16 0 [Note] Starting MariaDB 10.4.28-MariaDB source revision c8f2e9a5c0ac5905f28b050b7df5a9ffd914b7e7 as process 21092
2024-05-07 10:12:16 0 [Note] InnoDB: Mutexes and rw_locks use Windows interlocked functions
2024-05-07 10:12:16 0 [Note] InnoDB: Uses event mutexes
2024-05-07 10:12:16 0 [Note] InnoDB: Compressed tables use zlib 1.2.12
2024-05-07 10:12:16 0 [Note] InnoDB: Number of pools: 1
2024-05-07 10:12:16 0 [Note] InnoDB: Using SSE2 crc32 instructions
2024-05-07 10:12:16 0 [Note] InnoDB: Initializing buffer pool, total size = 16M, instances = 1, chunk size = 16M
2024-05-07 10:12:17 0 [Note] InnoDB: Completed initialization of buffer pool
2024-05-07 10:12:17 0 [Note] InnoDB: Starting crash recovery from checkpoint LSN=358773
2024-05-07 10:12:17 0 [Note] InnoDB: 128 out of 128 rollback segments are active.
2024-05-07 10:12:17 0 [Note] InnoDB: Removed temporary tablespace data file: "ibtmp1"
2024-05-07 10:12:17 0 [Note] InnoDB: Creating shared tablespace for temporary tables
2024-05-07 10:12:17 0 [Note] InnoDB: Setting file 'C:\xampp\mysql\data\ibtmp1' size to 12 MB. Physically writing the file full; Please wait ...
2024-05-07 10:12:17 0 [Note] InnoDB: File 'C:\xampp\mysql\data\ibtmp1' size is now 12 MB.
2024-05-07 10:12:17 0 [Note] InnoDB: 10.4.28 started; log sequence number 358782; transaction id 420
2024-05-07 10:12:17 0 [Note] InnoDB: Loading buffer pool(s) from C:\xampp\mysql\data\ib_buffer_pool
2024-05-07 10:12:17 0 [Note] Plugin 'FEEDBACK' is disabled.
2024-05-07 10:12:17 0 [Note] InnoDB: Buffer pool(s) load completed at 240507 10:12:17
2024-05-07 10:12:17 0 [Note] Server socket created on IP: '::'.
2024-05-07 12:43:27 0 [Note] Starting MariaDB 10.4.28-MariaDB source revision c8f2e9a5c0ac5905f28b050b7df5a9ffd914b7e7 as process 18644
2024-05-07 12:43:27 0 [Note] InnoDB: Mutexes and rw_locks use Windows interlocked functions
2024-05-07 12:43:27 0 [Note] InnoDB: Uses event mutexes
2024-05-07 12:43:27 0 [Note] InnoDB: Compressed tables use zlib 1.2.12
2024-05-07 12:43:27 0 [Note] InnoDB: Number of pools: 1
2024-05-07 12:43:27 0 [Note] InnoDB: Using SSE2 crc32 instructions
2024-05-07 12:43:27 0 [Note] InnoDB: Initializing buffer pool, total size = 16M, instances = 1, chunk size = 16M
2024-05-07 12:43:27 0 [Note] InnoDB: Completed initialization of buffer pool
2024-05-07 12:43:27 0 [Note] InnoDB: Starting crash recovery from checkpoint LSN=443667
2024-05-07 12:43:28 0 [Note] InnoDB: 128 out of 128 rollback segments are active.
2024-05-07 12:43:28 0 [Note] InnoDB: Removed temporary tablespace data file: "ibtmp1"
2024-05-07 12:43:28 0 [Note] InnoDB: Creating shared tablespace for temporary tables
2024-05-07 12:43:28 0 [Note] InnoDB: Setting file 'C:\xampp\mysql\data\ibtmp1' size to 12 MB. Physically writing the file full; Please wait ...
2024-05-07 12:43:28 0 [Note] InnoDB: File 'C:\xampp\mysql\data\ibtmp1' size is now 12 MB.
2024-05-07 12:43:28 0 [Note] InnoDB: 10.4.28 started; log sequence number 443676; transaction id 634
2024-05-07 12:43:28 0 [Note] InnoDB: Loading buffer pool(s) from C:\xampp\mysql\data\ib_buffer_pool
2024-05-07 12:43:28 0 [Note] Plugin 'FEEDBACK' is disabled.
2024-05-07 12:43:28 0 [Note] Server socket created on IP: '::'.
2024-05-08  7:57:02 0 [Note] Starting MariaDB 10.4.28-MariaDB source revision c8f2e9a5c0ac5905f28b050b7df5a9ffd914b7e7 as process 16796
2024-05-08  7:57:02 0 [Note] InnoDB: Mutexes and rw_locks use Windows interlocked functions
2024-05-08  7:57:02 0 [Note] InnoDB: Uses event mutexes
2024-05-08  7:57:02 0 [Note] InnoDB: Compressed tables use zlib 1.2.12
2024-05-08  7:57:02 0 [Note] InnoDB: Number of pools: 1
2024-05-08  7:57:02 0 [Note] InnoDB: Using SSE2 crc32 instructions
2024-05-08  7:57:02 0 [Note] InnoDB: Initializing buffer pool, total size = 16M, instances = 1, chunk size = 16M
2024-05-08  7:57:02 0 [Note] InnoDB: Completed initialization of buffer pool
2024-05-08  7:57:02 0 [Note] InnoDB: Starting crash recovery from checkpoint LSN=504504
2024-05-08  7:57:03 0 [Note] InnoDB: 128 out of 128 rollback segments are active.
2024-05-08  7:57:03 0 [Note] InnoDB: Removed temporary tablespace data file: "ibtmp1"
2024-05-08  7:57:03 0 [Note] InnoDB: Creating shared tablespace for temporary tables
2024-05-08  7:57:03 0 [Note] InnoDB: Setting file 'C:\xampp\mysql\data\ibtmp1' size to 12 MB. Physically writing the file full; Please wait ...
2024-05-08  7:57:03 0 [Note] InnoDB: File 'C:\xampp\mysql\data\ibtmp1' size is now 12 MB.
2024-05-08  7:57:03 0 [Note] InnoDB: Waiting for purge to start
2024-05-08  7:57:03 0 [Note] InnoDB: 10.4.28 started; log sequence number 504513; transaction id 770
2024-05-08  7:57:03 0 [Note] InnoDB: Loading buffer pool(s) from C:\xampp\mysql\data\ib_buffer_pool
2024-05-08  7:57:03 0 [Note] Plugin 'FEEDBACK' is disabled.
2024-05-08  7:57:03 0 [Note] Server socket created on IP: '::'.
2024-05-08 11:21:32 0 [Note] Starting MariaDB 10.4.28-MariaDB source revision c8f2e9a5c0ac5905f28b050b7df5a9ffd914b7e7 as process 6300
2024-05-08 11:21:32 0 [Note] InnoDB: Mutexes and rw_locks use Windows interlocked functions
2024-05-08 11:21:32 0 [Note] InnoDB: Uses event mutexes
2024-05-08 11:21:32 0 [Note] InnoDB: Compressed tables use zlib 1.2.12
2024-05-08 11:21:32 0 [Note] InnoDB: Number of pools: 1
2024-05-08 11:21:32 0 [Note] InnoDB: Using SSE2 crc32 instructions
2024-05-08 11:21:32 0 [Note] InnoDB: Initializing buffer pool, total size = 16M, instances = 1, chunk size = 16M
2024-05-08 11:21:32 0 [Note] InnoDB: Completed initialization of buffer pool
2024-05-08 11:21:32 0 [Note] InnoDB: Starting crash recovery from checkpoint LSN=533544
2024-05-08 11:21:32 0 [Note] InnoDB: 128 out of 128 rollback segments are active.
2024-05-08 11:21:32 0 [Note] InnoDB: Removed temporary tablespace data file: "ibtmp1"
2024-05-08 11:21:32 0 [Note] InnoDB: Creating shared tablespace for temporary tables
2024-05-08 11:21:32 0 [Note] InnoDB: Setting file 'C:\xampp\mysql\data\ibtmp1' size to 12 MB. Physically writing the file full; Please wait ...
2024-05-08 11:21:32 0 [Note] InnoDB: File 'C:\xampp\mysql\data\ibtmp1' size is now 12 MB.
2024-05-08 11:21:32 0 [Note] InnoDB: 10.4.28 started; log sequence number 533553; transaction id 850
2024-05-08 11:21:32 0 [Note] InnoDB: Loading buffer pool(s) from C:\xampp\mysql\data\ib_buffer_pool
2024-05-08 11:21:32 0 [Note] Plugin 'FEEDBACK' is disabled.
2024-05-08 11:21:32 0 [Note] InnoDB: Buffer pool(s) load completed at 240508 11:21:32
2024-05-08 11:21:32 0 [Note] Server socket created on IP: '::'.
2024-05-09  9:40:53 0 [Note] Starting MariaDB 10.4.28-MariaDB source revision c8f2e9a5c0ac5905f28b050b7df5a9ffd914b7e7 as process 15616
2024-05-09  9:40:53 0 [Note] InnoDB: Mutexes and rw_locks use Windows interlocked functions
2024-05-09  9:40:53 0 [Note] InnoDB: Uses event mutexes
2024-05-09  9:40:53 0 [Note] InnoDB: Compressed tables use zlib 1.2.12
2024-05-09  9:40:53 0 [Note] InnoDB: Number of pools: 1
2024-05-09  9:40:53 0 [Note] InnoDB: Using SSE2 crc32 instructions
2024-05-09  9:40:53 0 [Note] InnoDB: Initializing buffer pool, total size = 16M, instances = 1, chunk size = 16M
2024-05-09  9:40:53 0 [Note] InnoDB: Completed initialization of buffer pool
2024-05-09  9:40:54 0 [Note] InnoDB: Starting crash recovery from checkpoint LSN=545976
2024-05-09  9:40:54 0 [Note] InnoDB: 128 out of 128 rollback segments are active.
2024-05-09  9:40:54 0 [Note] InnoDB: Removed temporary tablespace data file: "ibtmp1"
2024-05-09  9:40:54 0 [Note] InnoDB: Creating shared tablespace for temporary tables
2024-05-09  9:40:54 0 [Note] InnoDB: Setting file 'C:\xampp\mysql\data\ibtmp1' size to 12 MB. Physically writing the file full; Please wait ...
2024-05-09  9:40:54 0 [Note] InnoDB: File 'C:\xampp\mysql\data\ibtmp1' size is now 12 MB.
2024-05-09  9:40:54 0 [Note] InnoDB: 10.4.28 started; log sequence number 545985; transaction id 884
2024-05-09  9:40:54 0 [Note] InnoDB: Loading buffer pool(s) from C:\xampp\mysql\data\ib_buffer_pool
2024-05-09  9:40:54 0 [Note] Plugin 'FEEDBACK' is disabled.
2024-05-09  9:40:54 0 [Note] InnoDB: Buffer pool(s) load completed at 240509  9:40:54
2024-05-09  9:40:54 0 [Note] Server socket created on IP: '::'.
2024-05-11 19:43:39 0 [Note] Starting MariaDB 10.4.28-MariaDB source revision c8f2e9a5c0ac5905f28b050b7df5a9ffd914b7e7 as process 19252
2024-05-11 19:43:39 0 [Note] InnoDB: Mutexes and rw_locks use Windows interlocked functions
2024-05-11 19:43:39 0 [Note] InnoDB: Uses event mutexes
2024-05-11 19:43:39 0 [Note] InnoDB: Compressed tables use zlib 1.2.12
2024-05-11 19:43:39 0 [Note] InnoDB: Number of pools: 1
2024-05-11 19:43:39 0 [Note] InnoDB: Using SSE2 crc32 instructions
2024-05-11 19:43:39 0 [Note] InnoDB: Initializing buffer pool, total size = 16M, instances = 1, chunk size = 16M
2024-05-11 19:43:39 0 [Note] InnoDB: Completed initialization of buffer pool
2024-05-11 19:43:39 0 [Note] InnoDB: Starting crash recovery from checkpoint LSN=715627
2024-05-11 19:43:39 0 [Note] InnoDB: 128 out of 128 rollback segments are active.
2024-05-11 19:43:39 0 [Note] InnoDB: Removed temporary tablespace data file: "ibtmp1"
2024-05-11 19:43:39 0 [Note] InnoDB: Creating shared tablespace for temporary tables
2024-05-11 19:43:39 0 [Note] InnoDB: Setting file 'C:\xampp\mysql\data\ibtmp1' size to 12 MB. Physically writing the file full; Please wait ...
2024-05-11 19:43:39 0 [Note] InnoDB: File 'C:\xampp\mysql\data\ibtmp1' size is now 12 MB.
2024-05-11 19:43:39 0 [Note] InnoDB: Waiting for purge to start
2024-05-11 19:43:39 0 [Note] InnoDB: 10.4.28 started; log sequence number 715636; transaction id 1037
2024-05-11 19:43:39 0 [Note] InnoDB: Loading buffer pool(s) from C:\xampp\mysql\data\ib_buffer_pool
2024-05-11 19:43:39 0 [Note] Plugin 'FEEDBACK' is disabled.
2024-05-11 19:43:39 0 [Note] InnoDB: Buffer pool(s) load completed at 240511 19:43:39
2024-05-11 19:43:39 0 [Note] Server socket created on IP: '::'.
2024-05-11 20:26:44 0 [Note] Starting MariaDB 10.4.28-MariaDB source revision c8f2e9a5c0ac5905f28b050b7df5a9ffd914b7e7 as process 17304
2024-05-11 20:26:44 0 [Note] InnoDB: Mutexes and rw_locks use Windows interlocked functions
2024-05-11 20:26:44 0 [Note] InnoDB: Uses event mutexes
2024-05-11 20:26:44 0 [Note] InnoDB: Compressed tables use zlib 1.2.12
2024-05-11 20:26:44 0 [Note] InnoDB: Number of pools: 1
2024-05-11 20:26:44 0 [Note] InnoDB: Using SSE2 crc32 instructions
2024-05-11 20:26:44 0 [Note] InnoDB: Initializing buffer pool, total size = 16M, instances = 1, chunk size = 16M
2024-05-11 20:26:44 0 [Note] InnoDB: Completed initialization of buffer pool
2024-05-11 20:26:44 0 [Note] InnoDB: Starting crash recovery from checkpoint LSN=721361
2024-05-11 20:26:44 0 [Note] InnoDB: 128 out of 128 rollback segments are active.
2024-05-11 20:26:44 0 [Note] InnoDB: Removed temporary tablespace data file: "ibtmp1"
2024-05-11 20:26:44 0 [Note] InnoDB: Creating shared tablespace for temporary tables
2024-05-11 20:26:44 0 [Note] InnoDB: Setting file 'C:\xampp\mysql\data\ibtmp1' size to 12 MB. Physically writing the file full; Please wait ...
2024-05-11 20:26:44 0 [Note] InnoDB: File 'C:\xampp\mysql\data\ibtmp1' size is now 12 MB.
2024-05-11 20:26:44 0 [Note] InnoDB: Waiting for purge to start
2024-05-11 20:26:44 0 [Note] InnoDB: 10.4.28 started; log sequence number 721370; transaction id 1050
2024-05-11 20:26:44 0 [Note] InnoDB: Loading buffer pool(s) from C:\xampp\mysql\data\ib_buffer_pool
2024-05-11 20:26:44 0 [Note] Plugin 'FEEDBACK' is disabled.
2024-05-11 20:26:44 0 [Note] Server socket created on IP: '::'.
2024-05-16  9:54:58 0 [Note] Starting MariaDB 10.4.28-MariaDB source revision c8f2e9a5c0ac5905f28b050b7df5a9ffd914b7e7 as process 5004
2024-05-16  9:54:58 0 [Note] InnoDB: Mutexes and rw_locks use Windows interlocked functions
2024-05-16  9:54:58 0 [Note] InnoDB: Uses event mutexes
2024-05-16  9:54:58 0 [Note] InnoDB: Compressed tables use zlib 1.2.12
2024-05-16  9:54:58 0 [Note] InnoDB: Number of pools: 1
2024-05-16  9:54:58 0 [Note] InnoDB: Using SSE2 crc32 instructions
2024-05-16  9:54:58 0 [Note] InnoDB: Initializing buffer pool, total size = 16M, instances = 1, chunk size = 16M
2024-05-16  9:54:58 0 [Note] InnoDB: Completed initialization of buffer pool
2024-05-16  9:54:58 0 [Note] InnoDB: Starting crash recovery from checkpoint LSN=727829
2024-05-16  9:54:58 0 [Note] InnoDB: 128 out of 128 rollback segments are active.
2024-05-16  9:54:58 0 [Note] InnoDB: Removed temporary tablespace data file: "ibtmp1"
2024-05-16  9:54:58 0 [Note] InnoDB: Creating shared tablespace for temporary tables
2024-05-16  9:54:58 0 [Note] InnoDB: Setting file 'C:\xampp\mysql\data\ibtmp1' size to 12 MB. Physically writing the file full; Please wait ...
2024-05-16  9:54:58 0 [Note] InnoDB: File 'C:\xampp\mysql\data\ibtmp1' size is now 12 MB.
2024-05-16  9:54:58 0 [Note] InnoDB: Waiting for purge to start
2024-05-16  9:54:58 0 [Note] InnoDB: 10.4.28 started; log sequence number 727838; transaction id 1061
2024-05-16  9:54:58 0 [Note] InnoDB: Loading buffer pool(s) from C:\xampp\mysql\data\ib_buffer_pool
2024-05-16  9:54:58 0 [Note] Plugin 'FEEDBACK' is disabled.
2024-05-16  9:54:58 0 [Note] InnoDB: Buffer pool(s) load completed at 240516  9:54:58
2024-05-16  9:54:59 0 [Note] Server socket created on IP: '::'.
2024-05-16 18:26:43 0 [Note] Starting MariaDB 10.4.28-MariaDB source revision c8f2e9a5c0ac5905f28b050b7df5a9ffd914b7e7 as process 10800
2024-05-16 18:26:43 0 [Note] InnoDB: Mutexes and rw_locks use Windows interlocked functions
2024-05-16 18:26:43 0 [Note] InnoDB: Uses event mutexes
2024-05-16 18:26:43 0 [Note] InnoDB: Compressed tables use zlib 1.2.12
2024-05-16 18:26:43 0 [Note] InnoDB: Number of pools: 1
2024-05-16 18:26:43 0 [Note] InnoDB: Using SSE2 crc32 instructions
2024-05-16 18:26:43 0 [Note] InnoDB: Initializing buffer pool, total size = 16M, instances = 1, chunk size = 16M
2024-05-16 18:26:43 0 [Note] InnoDB: Completed initialization of buffer pool
2024-05-16 18:26:43 0 [Note] InnoDB: Starting crash recovery from checkpoint LSN=780394
2024-05-16 18:26:44 0 [Note] InnoDB: 128 out of 128 rollback segments are active.
2024-05-16 18:26:44 0 [Note] InnoDB: Removed temporary tablespace data file: "ibtmp1"
2024-05-16 18:26:44 0 [Note] InnoDB: Creating shared tablespace for temporary tables
2024-05-16 18:26:44 0 [Note] InnoDB: Setting file 'C:\xampp\mysql\data\ibtmp1' size to 12 MB. Physically writing the file full; Please wait ...
2024-05-16 18:26:44 0 [Note] InnoDB: File 'C:\xampp\mysql\data\ibtmp1' size is now 12 MB.
2024-05-16 18:26:44 0 [Note] InnoDB: Waiting for purge to start
2024-05-16 18:26:44 0 [Note] InnoDB: 10.4.28 started; log sequence number 780403; transaction id 1144
2024-05-16 18:26:44 0 [Note] InnoDB: Loading buffer pool(s) from C:\xampp\mysql\data\ib_buffer_pool
2024-05-16 18:26:44 0 [Note] Plugin 'FEEDBACK' is disabled.
2024-05-16 18:26:44 0 [Note] InnoDB: Buffer pool(s) load completed at 240516 18:26:44
2024-05-16 18:26:44 0 [Note] Server socket created on IP: '::'.
2024-05-20  8:39:42 0 [Note] Starting MariaDB 10.4.28-MariaDB source revision c8f2e9a5c0ac5905f28b050b7df5a9ffd914b7e7 as process 13344
2024-05-20  8:39:42 0 [Note] InnoDB: Mutexes and rw_locks use Windows interlocked functions
2024-05-20  8:39:42 0 [Note] InnoDB: Uses event mutexes
2024-05-20  8:39:42 0 [Note] InnoDB: Compressed tables use zlib 1.2.12
2024-05-20  8:39:42 0 [Note] InnoDB: Number of pools: 1
2024-05-20  8:39:42 0 [Note] InnoDB: Using SSE2 crc32 instructions
2024-05-20  8:39:42 0 [Note] InnoDB: Initializing buffer pool, total size = 16M, instances = 1, chunk size = 16M
2024-05-20  8:39:42 0 [Note] InnoDB: Completed initialization of buffer pool
2024-05-20  8:39:42 0 [Note] InnoDB: Starting crash recovery from checkpoint LSN=780412
2024-05-20  8:39:43 0 [Note] InnoDB: 128 out of 128 rollback segments are active.
2024-05-20  8:39:43 0 [Note] InnoDB: Removed temporary tablespace data file: "ibtmp1"
2024-05-20  8:39:43 0 [Note] InnoDB: Creating shared tablespace for temporary tables
2024-05-20  8:39:43 0 [Note] InnoDB: Setting file 'C:\xampp\mysql\data\ibtmp1' size to 12 MB. Physically writing the file full; Please wait ...
2024-05-20  8:39:43 0 [Note] InnoDB: File 'C:\xampp\mysql\data\ibtmp1' size is now 12 MB.
2024-05-20  8:39:43 0 [Note] InnoDB: Waiting for purge to start
2024-05-20  8:39:43 0 [Note] InnoDB: 10.4.28 started; log sequence number 780421; transaction id 1144
2024-05-20  8:39:43 0 [Note] InnoDB: Loading buffer pool(s) from C:\xampp\mysql\data\ib_buffer_pool
2024-05-20  8:39:43 0 [Note] Plugin 'FEEDBACK' is disabled.
2024-05-20  8:39:43 0 [Note] InnoDB: Buffer pool(s) load completed at 240520  8:39:43
2024-05-20  8:39:43 0 [Note] Server socket created on IP: '::'.
2024-05-23  8:05:20 0 [Note] Starting MariaDB 10.4.28-MariaDB source revision c8f2e9a5c0ac5905f28b050b7df5a9ffd914b7e7 as process 17620
2024-05-23  8:05:20 0 [Note] InnoDB: Mutexes and rw_locks use Windows interlocked functions
2024-05-23  8:05:20 0 [Note] InnoDB: Uses event mutexes
2024-05-23  8:05:20 0 [Note] InnoDB: Compressed tables use zlib 1.2.12
2024-05-23  8:05:20 0 [Note] InnoDB: Number of pools: 1
2024-05-23  8:05:20 0 [Note] InnoDB: Using SSE2 crc32 instructions
2024-05-23  8:05:20 0 [Note] InnoDB: Initializing buffer pool, total size = 16M, instances = 1, chunk size = 16M
2024-05-23  8:05:20 0 [Note] InnoDB: Completed initialization of buffer pool
2024-05-23  8:05:20 0 [Note] InnoDB: Starting crash recovery from checkpoint LSN=783748
2024-05-23  8:05:20 0 [Note] InnoDB: 128 out of 128 rollback segments are active.
2024-05-23  8:05:20 0 [Note] InnoDB: Removed temporary tablespace data file: "ibtmp1"
2024-05-23  8:05:20 0 [Note] InnoDB: Creating shared tablespace for temporary tables
2024-05-23  8:05:20 0 [Note] InnoDB: Setting file 'C:\xampp\mysql\data\ibtmp1' size to 12 MB. Physically writing the file full; Please wait ...
2024-05-23  8:05:20 0 [Note] InnoDB: File 'C:\xampp\mysql\data\ibtmp1' size is now 12 MB.
2024-05-23  8:05:20 0 [Note] InnoDB: Waiting for purge to start
2024-05-23  8:05:21 0 [Note] InnoDB: 10.4.28 started; log sequence number 783757; transaction id 1153
2024-05-23  8:05:21 0 [Note] InnoDB: Loading buffer pool(s) from C:\xampp\mysql\data\ib_buffer_pool
2024-05-23  8:05:21 0 [Note] Plugin 'FEEDBACK' is disabled.
2024-05-23  8:05:21 0 [Note] InnoDB: Buffer pool(s) load completed at 240523  8:05:21
2024-05-23  8:05:21 0 [Note] Server socket created on IP: '::'.
2024-05-23  9:04:29 0 [Note] Starting MariaDB 10.4.28-MariaDB source revision c8f2e9a5c0ac5905f28b050b7df5a9ffd914b7e7 as process 16120
2024-05-23  9:04:29 0 [Note] InnoDB: Mutexes and rw_locks use Windows interlocked functions
2024-05-23  9:04:29 0 [Note] InnoDB: Uses event mutexes
2024-05-23  9:04:29 0 [Note] InnoDB: Compressed tables use zlib 1.2.12
2024-05-23  9:04:29 0 [Note] InnoDB: Number of pools: 1
2024-05-23  9:04:29 0 [Note] InnoDB: Using SSE2 crc32 instructions
2024-05-23  9:04:29 0 [Note] InnoDB: Initializing buffer pool, total size = 16M, instances = 1, chunk size = 16M
2024-05-23  9:04:29 0 [Note] InnoDB: Completed initialization of buffer pool
2024-05-23  9:04:29 0 [Note] InnoDB: Starting crash recovery from checkpoint LSN=955341
2024-05-23  9:04:29 0 [Note] InnoDB: 128 out of 128 rollback segments are active.
2024-05-23  9:04:29 0 [Note] InnoDB: Removed temporary tablespace data file: "ibtmp1"
2024-05-23  9:04:29 0 [Note] InnoDB: Creating shared tablespace for temporary tables
2024-05-23  9:04:29 0 [Note] InnoDB: Setting file 'C:\xampp\mysql\data\ibtmp1' size to 12 MB. Physically writing the file full; Please wait ...
2024-05-23  9:04:29 0 [Note] InnoDB: File 'C:\xampp\mysql\data\ibtmp1' size is now 12 MB.
2024-05-23  9:04:29 0 [Note] InnoDB: Waiting for purge to start
2024-05-23  9:04:29 0 [Note] InnoDB: 10.4.28 started; log sequence number 955350; transaction id 1348
2024-05-23  9:04:29 0 [Note] InnoDB: Loading buffer pool(s) from C:\xampp\mysql\data\ib_buffer_pool
2024-05-23  9:04:29 0 [Note] Plugin 'FEEDBACK' is disabled.
2024-05-23  9:04:29 0 [Note] InnoDB: Buffer pool(s) load completed at 240523  9:04:29
2024-05-23  9:04:29 0 [Note] Server socket created on IP: '::'.
2024-05-23  9:32:22 0 [Note] Starting MariaDB 10.4.28-MariaDB source revision c8f2e9a5c0ac5905f28b050b7df5a9ffd914b7e7 as process 19092
2024-05-23  9:32:22 0 [Note] InnoDB: Mutexes and rw_locks use Windows interlocked functions
2024-05-23  9:32:22 0 [Note] InnoDB: Uses event mutexes
2024-05-23  9:32:22 0 [Note] InnoDB: Compressed tables use zlib 1.2.12
2024-05-23  9:32:22 0 [Note] InnoDB: Number of pools: 1
2024-05-23  9:32:22 0 [Note] InnoDB: Using SSE2 crc32 instructions
2024-05-23  9:32:22 0 [Note] InnoDB: Initializing buffer pool, total size = 16M, instances = 1, chunk size = 16M
2024-05-23  9:32:22 0 [Note] InnoDB: Completed initialization of buffer pool
2024-05-23  9:32:22 0 [ERROR] InnoDB: Operating system error number 3 in a file operation.
2024-05-23  9:32:22 0 [ERROR] InnoDB: The error means the system cannot find the path specified.
2024-05-23  9:32:22 0 [ERROR] InnoDB: If you are installing InnoDB, remember that you must create directories yourself, InnoDB does not create them.
2024-05-23  9:32:22 0 [ERROR] InnoDB: Cannot open datafile for read-only: '.\db_19231138\book.ibd' OS error: 203
2024-05-23  9:32:22 0 [ERROR] InnoDB: Operating system error number 203 in a file operation.
2024-05-23  9:32:22 0 [Note] InnoDB: Some operating system error numbers are described at https://mariadb.com/kb/en/library/operating-system-error-codes/
2024-05-23  9:32:22 0 [ERROR] InnoDB: Could not find a valid tablespace file for ``db_19231138`.`book``. Please refer to https://mariadb.com/kb/en/innodb-data-dictionary-troubleshooting/ for how to resolve the issue.
2024-05-23  9:32:22 0 [Warning] InnoDB: Ignoring tablespace for `db_19231138`.`book` because it could not be opened.
2024-05-23  9:32:22 0 [ERROR] InnoDB: Operating system error number 3 in a file operation.
2024-05-23  9:32:22 0 [ERROR] InnoDB: The error means the system cannot find the path specified.
2024-05-23  9:32:22 0 [ERROR] InnoDB: If you are installing InnoDB, remember that you must create directories yourself, InnoDB does not create them.
2024-05-23  9:32:22 0 [ERROR] InnoDB: Cannot open datafile for read-only: '.\db_dml_lanjutan\mata_kuliah.ibd' OS error: 203
2024-05-23  9:32:22 0 [ERROR] InnoDB: Operating system error number 203 in a file operation.
2024-05-23  9:32:22 0 [Note] InnoDB: Some operating system error numbers are described at https://mariadb.com/kb/en/library/operating-system-error-codes/
2024-05-23  9:32:22 0 [ERROR] InnoDB: Could not find a valid tablespace file for ``db_dml_lanjutan`.`mata_kuliah``. Please refer to https://mariadb.com/kb/en/innodb-data-dictionary-troubleshooting/ for how to resolve the issue.
2024-05-23  9:32:22 0 [Warning] InnoDB: Ignoring tablespace for `db_dml_lanjutan`.`mata_kuliah` because it could not be opened.
2024-05-23  9:32:22 0 [ERROR] InnoDB: Operating system error number 3 in a file operation.
2024-05-23  9:32:22 0 [ERROR] InnoDB: The error means the system cannot find the path specified.
2024-05-23  9:32:22 0 [ERROR] InnoDB: If you are installing InnoDB, remember that you must create directories yourself, InnoDB does not create them.
2024-05-23  9:32:22 0 [ERROR] InnoDB: Cannot open datafile for read-only: '.\db_dml_lanjutan\pengajar.ibd' OS error: 203
2024-05-23  9:32:22 0 [ERROR] InnoDB: Operating system error number 203 in a file operation.
2024-05-23  9:32:22 0 [Note] InnoDB: Some operating system error numbers are described at https://mariadb.com/kb/en/library/operating-system-error-codes/
2024-05-23  9:32:22 0 [ERROR] InnoDB: Could not find a valid tablespace file for ``db_dml_lanjutan`.`pengajar``. Please refer to https://mariadb.com/kb/en/innodb-data-dictionary-troubleshooting/ for how to resolve the issue.
2024-05-23  9:32:22 0 [Warning] InnoDB: Ignoring tablespace for `db_dml_lanjutan`.`pengajar` because it could not be opened.
2024-05-23  9:32:22 0 [ERROR] InnoDB: Operating system error number 3 in a file operation.
2024-05-23  9:32:22 0 [ERROR] InnoDB: The error means the system cannot find the path specified.
2024-05-23  9:32:22 0 [ERROR] InnoDB: If you are installing InnoDB, remember that you must create directories yourself, InnoDB does not create them.
2024-05-23  9:32:22 0 [ERROR] InnoDB: Cannot open datafile for read-only: '.\db_inventory_barang\barang.ibd' OS error: 203
2024-05-23  9:32:22 0 [ERROR] InnoDB: Operating system error number 203 in a file operation.
2024-05-23  9:32:22 0 [Note] InnoDB: Some operating system error numbers are described at https://mariadb.com/kb/en/library/operating-system-error-codes/
2024-05-23  9:32:22 0 [ERROR] InnoDB: Could not find a valid tablespace file for ``db_inventory_barang`.`barang``. Please refer to https://mariadb.com/kb/en/innodb-data-dictionary-troubleshooting/ for how to resolve the issue.
2024-05-23  9:32:22 0 [Warning] InnoDB: Ignoring tablespace for `db_inventory_barang`.`barang` because it could not be opened.
2024-05-23  9:32:22 0 [ERROR] InnoDB: Operating system error number 3 in a file operation.
2024-05-23  9:32:22 0 [ERROR] InnoDB: The error means the system cannot find the path specified.
2024-05-23  9:32:22 0 [ERROR] InnoDB: If you are installing InnoDB, remember that you must create directories yourself, InnoDB does not create them.
2024-05-23  9:32:22 0 [ERROR] InnoDB: Cannot open datafile for read-only: '.\db_inventory_barang\kategori.ibd' OS error: 203
2024-05-23  9:32:22 0 [ERROR] InnoDB: Operating system error number 203 in a file operation.
2024-05-23  9:32:22 0 [Note] InnoDB: Some operating system error numbers are described at https://mariadb.com/kb/en/library/operating-system-error-codes/
2024-05-23  9:32:22 0 [ERROR] InnoDB: Could not find a valid tablespace file for ``db_inventory_barang`.`kategori``. Please refer to https://mariadb.com/kb/en/innodb-data-dictionary-troubleshooting/ for how to resolve the issue.
2024-05-23  9:32:22 0 [Warning] InnoDB: Ignoring tablespace for `db_inventory_barang`.`kategori` because it could not be opened.
2024-05-23  9:32:22 0 [ERROR] InnoDB: Operating system error number 3 in a file operation.
2024-05-23  9:32:22 0 [ERROR] InnoDB: The error means the system cannot find the path specified.
2024-05-23  9:32:22 0 [ERROR] InnoDB: If you are installing InnoDB, remember that you must create directories yourself, InnoDB does not create them.
2024-05-23  9:32:22 0 [ERROR] InnoDB: Cannot open datafile for read-only: '.\db_inventory_barang\suppliers.ibd' OS error: 203
2024-05-23  9:32:22 0 [ERROR] InnoDB: Operating system error number 203 in a file operation.
2024-05-23  9:32:22 0 [Note] InnoDB: Some operating system error numbers are described at https://mariadb.com/kb/en/library/operating-system-error-codes/
2024-05-23  9:32:22 0 [ERROR] InnoDB: Could not find a valid tablespace file for ``db_inventory_barang`.`suppliers``. Please refer to https://mariadb.com/kb/en/innodb-data-dictionary-troubleshooting/ for how to resolve the issue.
2024-05-23  9:32:22 0 [Warning] InnoDB: Ignoring tablespace for `db_inventory_barang`.`suppliers` because it could not be opened.
2024-05-23  9:32:22 0 [ERROR] InnoDB: Operating system error number 3 in a file operation.
2024-05-23  9:32:22 0 [ERROR] InnoDB: The error means the system cannot find the path specified.
2024-05-23  9:32:22 0 [ERROR] InnoDB: If you are installing InnoDB, remember that you must create directories yourself, InnoDB does not create them.
2024-05-23  9:32:22 0 [ERROR] InnoDB: Cannot open datafile for read-only: '.\db_inventory_barang\transaksi.ibd' OS error: 203
2024-05-23  9:32:22 0 [ERROR] InnoDB: Operating system error number 203 in a file operation.
2024-05-23  9:32:22 0 [Note] InnoDB: Some operating system error numbers are described at https://mariadb.com/kb/en/library/operating-system-error-codes/
2024-05-23  9:32:22 0 [ERROR] InnoDB: Could not find a valid tablespace file for ``db_inventory_barang`.`transaksi``. Please refer to https://mariadb.com/kb/en/innodb-data-dictionary-troubleshooting/ for how to resolve the issue.
2024-05-23  9:32:22 0 [Warning] InnoDB: Ignoring tablespace for `db_inventory_barang`.`transaksi` because it could not be opened.
2024-05-23  9:32:22 0 [ERROR] InnoDB: Operating system error number 3 in a file operation.
2024-05-23  9:32:22 0 [ERROR] InnoDB: The error means the system cannot find the path specified.
2024-05-23  9:32:22 0 [ERROR] InnoDB: If you are installing InnoDB, remember that you must create directories yourself, InnoDB does not create them.
2024-05-23  9:32:22 0 [ERROR] InnoDB: Cannot open datafile for read-only: '.\db_latian1\mhs.ibd' OS error: 203
2024-05-23  9:32:22 0 [ERROR] InnoDB: Operating system error number 203 in a file operation.
2024-05-23  9:32:22 0 [Note] InnoDB: Some operating system error numbers are described at https://mariadb.com/kb/en/library/operating-system-error-codes/
2024-05-23  9:32:22 0 [ERROR] InnoDB: Could not find a valid tablespace file for ``db_latian1`.`mhs``. Please refer to https://mariadb.com/kb/en/innodb-data-dictionary-troubleshooting/ for how to resolve the issue.
2024-05-23  9:32:22 0 [Warning] InnoDB: Ignoring tablespace for `db_latian1`.`mhs` because it could not be opened.
2024-05-23  9:32:22 0 [ERROR] InnoDB: Operating system error number 3 in a file operation.
2024-05-23  9:32:22 0 [ERROR] InnoDB: The error means the system cannot find the path specified.
2024-05-23  9:32:22 0 [ERROR] InnoDB: If you are installing InnoDB, remember that you must create directories yourself, InnoDB does not create them.
2024-05-23  9:32:22 0 [ERROR] InnoDB: Cannot open datafile for read-only: '.\db_latihandml\buku.ibd' OS error: 203
2024-05-23  9:32:22 0 [ERROR] InnoDB: Operating system error number 203 in a file operation.
2024-05-23  9:32:22 0 [Note] InnoDB: Some operating system error numbers are described at https://mariadb.com/kb/en/library/operating-system-error-codes/
2024-05-23  9:32:22 0 [ERROR] InnoDB: Could not find a valid tablespace file for ``db_latihandml`.`buku``. Please refer to https://mariadb.com/kb/en/innodb-data-dictionary-troubleshooting/ for how to resolve the issue.
2024-05-23  9:32:22 0 [Warning] InnoDB: Ignoring tablespace for `db_latihandml`.`buku` because it could not be opened.
2024-05-23  9:32:22 0 [ERROR] InnoDB: Operating system error number 3 in a file operation.
2024-05-23  9:32:22 0 [ERROR] InnoDB: The error means the system cannot find the path specified.
2024-05-23  9:32:22 0 [ERROR] InnoDB: If you are installing InnoDB, remember that you must create directories yourself, InnoDB does not create them.
2024-05-23  9:32:22 0 [ERROR] InnoDB: Cannot open datafile for read-only: '.\db_latihandml\member.ibd' OS error: 203
2024-05-23  9:32:22 0 [ERROR] InnoDB: Operating system error number 203 in a file operation.
2024-05-23  9:32:22 0 [Note] InnoDB: Some operating system error numbers are described at https://mariadb.com/kb/en/library/operating-system-error-codes/
2024-05-23  9:32:22 0 [ERROR] InnoDB: Could not find a valid tablespace file for ``db_latihandml`.`member``. Please refer to https://mariadb.com/kb/en/innodb-data-dictionary-troubleshooting/ for how to resolve the issue.
2024-05-23  9:32:22 0 [Warning] InnoDB: Ignoring tablespace for `db_latihandml`.`member` because it could not be opened.
2024-05-23  9:32:22 0 [ERROR] InnoDB: Operating system error number 3 in a file operation.
2024-05-23  9:32:22 0 [ERROR] InnoDB: The error means the system cannot find the path specified.
2024-05-23  9:32:22 0 [ERROR] InnoDB: If you are installing InnoDB, remember that you must create directories yourself, InnoDB does not create them.
2024-05-23  9:32:22 0 [ERROR] InnoDB: Cannot open datafile for read-only: '.\db_perpusweb\admin.ibd' OS error: 203
2024-05-23  9:32:22 0 [ERROR] InnoDB: Operating system error number 203 in a file operation.
2024-05-23  9:32:22 0 [Note] InnoDB: Some operating system error numbers are described at https://mariadb.com/kb/en/library/operating-system-error-codes/
2024-05-23  9:32:22 0 [ERROR] InnoDB: Could not find a valid tablespace file for ``db_perpusweb`.`admin``. Please refer to https://mariadb.com/kb/en/innodb-data-dictionary-troubleshooting/ for how to resolve the issue.
2024-05-23  9:32:22 0 [Warning] InnoDB: Ignoring tablespace for `db_perpusweb`.`admin` because it could not be opened.
2024-05-23  9:32:22 0 [ERROR] InnoDB: Operating system error number 3 in a file operation.
2024-05-23  9:32:22 0 [ERROR] InnoDB: The error means the system cannot find the path specified.
2024-05-23  9:32:22 0 [ERROR] InnoDB: If you are installing InnoDB, remember that you must create directories yourself, InnoDB does not create them.
2024-05-23  9:32:22 0 [ERROR] InnoDB: Cannot open datafile for read-only: '.\db_perpusweb\anggota.ibd' OS error: 203
2024-05-23  9:32:22 0 [ERROR] InnoDB: Operating system error number 203 in a file operation.
2024-05-23  9:32:22 0 [Note] InnoDB: Some operating system error numbers are described at https://mariadb.com/kb/en/library/operating-system-error-codes/
2024-05-23  9:32:22 0 [ERROR] InnoDB: Could not find a valid tablespace file for ``db_perpusweb`.`anggota``. Please refer to https://mariadb.com/kb/en/innodb-data-dictionary-troubleshooting/ for how to resolve the issue.
2024-05-23  9:32:22 0 [Warning] InnoDB: Ignoring tablespace for `db_perpusweb`.`anggota` because it could not be opened.
2024-05-23  9:32:22 0 [ERROR] InnoDB: Operating system error number 3 in a file operation.
2024-05-23  9:32:22 0 [ERROR] InnoDB: The error means the system cannot find the path specified.
2024-05-23  9:32:22 0 [ERROR] InnoDB: If you are installing InnoDB, remember that you must create directories yourself, InnoDB does not create them.
2024-05-23  9:32:22 0 [ERROR] InnoDB: Cannot open datafile for read-only: '.\db_perpusweb\buku.ibd' OS error: 203
2024-05-23  9:32:22 0 [ERROR] InnoDB: Operating system error number 203 in a file operation.
2024-05-23  9:32:22 0 [Note] InnoDB: Some operating system error numbers are described at https://mariadb.com/kb/en/library/operating-system-error-codes/
2024-05-23  9:32:22 0 [ERROR] InnoDB: Could not find a valid tablespace file for ``db_perpusweb`.`buku``. Please refer to https://mariadb.com/kb/en/innodb-data-dictionary-troubleshooting/ for how to resolve the issue.
2024-05-23  9:32:22 0 [Warning] InnoDB: Ignoring tablespace for `db_perpusweb`.`buku` because it could not be opened.
2024-05-23  9:32:22 0 [ERROR] InnoDB: Operating system error number 3 in a file operation.
2024-05-23  9:32:22 0 [ERROR] InnoDB: The error means the system cannot find the path specified.
2024-05-23  9:32:22 0 [ERROR] InnoDB: If you are installing InnoDB, remember that you must create directories yourself, InnoDB does not create them.
2024-05-23  9:32:23 0 [ERROR] InnoDB: Cannot open datafile for read-only: '.\db_perpusweb\detail_pinjam.ibd' OS error: 203
2024-05-23  9:32:23 0 [ERROR] InnoDB: Operating system error number 203 in a file operation.
2024-05-23  9:32:23 0 [Note] InnoDB: Some operating system error numbers are described at https://mariadb.com/kb/en/library/operating-system-error-codes/
2024-05-23  9:32:23 0 [ERROR] InnoDB: Could not find a valid tablespace file for ``db_perpusweb`.`detail_pinjam``. Please refer to https://mariadb.com/kb/en/innodb-data-dictionary-troubleshooting/ for how to resolve the issue.
2024-05-23  9:32:23 0 [Warning] InnoDB: Ignoring tablespace for `db_perpusweb`.`detail_pinjam` because it could not be opened.
2024-05-23  9:32:23 0 [ERROR] InnoDB: Operating system error number 3 in a file operation.
2024-05-23  9:32:23 0 [ERROR] InnoDB: The error means the system cannot find the path specified.
2024-05-23  9:32:23 0 [ERROR] InnoDB: If you are installing InnoDB, remember that you must create directories yourself, InnoDB does not create them.
2024-05-23  9:32:23 0 [ERROR] InnoDB: Cannot open datafile for read-only: '.\db_perpusweb\katalog_buku.ibd' OS error: 203
2024-05-23  9:32:23 0 [ERROR] InnoDB: Operating system error number 203 in a file operation.
2024-05-23  9:32:23 0 [Note] InnoDB: Some operating system error numbers are described at https://mariadb.com/kb/en/library/operating-system-error-codes/
2024-05-23  9:32:23 0 [ERROR] InnoDB: Could not find a valid tablespace file for ``db_perpusweb`.`katalog_buku``. Please refer to https://mariadb.com/kb/en/innodb-data-dictionary-troubleshooting/ for how to resolve the issue.
2024-05-23  9:32:23 0 [Warning] InnoDB: Ignoring tablespace for `db_perpusweb`.`katalog_buku` because it could not be opened.
2024-05-23  9:32:23 0 [ERROR] InnoDB: Operating system error number 3 in a file operation.
2024-05-23  9:32:23 0 [ERROR] InnoDB: The error means the system cannot find the path specified.
2024-05-23  9:32:23 0 [ERROR] InnoDB: If you are installing InnoDB, remember that you must create directories yourself, InnoDB does not create them.
2024-05-23  9:32:23 0 [ERROR] InnoDB: Cannot open datafile for read-only: '.\db_perpusweb\peminjaman.ibd' OS error: 203
2024-05-23  9:32:23 0 [ERROR] InnoDB: Operating system error number 203 in a file operation.
2024-05-23  9:32:23 0 [Note] InnoDB: Some operating system error numbers are described at https://mariadb.com/kb/en/library/operating-system-error-codes/
2024-05-23  9:32:23 0 [ERROR] InnoDB: Could not find a valid tablespace file for ``db_perpusweb`.`peminjaman``. Please refer to https://mariadb.com/kb/en/innodb-data-dictionary-troubleshooting/ for how to resolve the issue.
2024-05-23  9:32:23 0 [Warning] InnoDB: Ignoring tablespace for `db_perpusweb`.`peminjaman` because it could not be opened.
2024-05-23  9:32:23 0 [Note] InnoDB: 128 out of 128 rollback segments are active.
2024-05-23  9:32:23 0 [Note] InnoDB: Removed temporary tablespace data file: "ibtmp1"
2024-05-23  9:32:23 0 [Note] InnoDB: Creating shared tablespace for temporary tables
2024-05-23  9:32:23 0 [Note] InnoDB: Setting file 'C:\xampp\mysql\data\ibtmp1' size to 12 MB. Physically writing the file full; Please wait ...
2024-05-23  9:32:23 0 [Note] InnoDB: File 'C:\xampp\mysql\data\ibtmp1' size is now 12 MB.
2024-05-23  9:32:23 0 [Note] InnoDB: Waiting for purge to start
2024-05-23  9:32:23 0 [Note] InnoDB: 10.4.28 started; log sequence number 757824; transaction id 1299
2024-05-23  9:32:23 0 [Note] InnoDB: Loading buffer pool(s) from C:\xampp\mysql\data\ib_buffer_pool
2024-05-23  9:32:23 0 [Note] Plugin 'FEEDBACK' is disabled.
2024-05-23  9:32:23 0 [Note] InnoDB: Buffer pool(s) load completed at 240523  9:32:23
2024-05-23  9:32:23 0 [Note] Server socket created on IP: '::'.
2024-05-24 18:08:18 0 [Note] Starting MariaDB 10.4.28-MariaDB source revision c8f2e9a5c0ac5905f28b050b7df5a9ffd914b7e7 as process 18028
2024-05-24 18:08:18 0 [Note] InnoDB: Mutexes and rw_locks use Windows interlocked functions
2024-05-24 18:08:18 0 [Note] InnoDB: Uses event mutexes
2024-05-24 18:08:18 0 [Note] InnoDB: Compressed tables use zlib 1.2.12
2024-05-24 18:08:18 0 [Note] InnoDB: Number of pools: 1
2024-05-24 18:08:18 0 [Note] InnoDB: Using SSE2 crc32 instructions
2024-05-24 18:08:18 0 [Note] InnoDB: Initializing buffer pool, total size = 16M, instances = 1, chunk size = 16M
2024-05-24 18:08:18 0 [Note] InnoDB: Completed initialization of buffer pool
2024-05-24 18:08:18 0 [Note] InnoDB: Starting crash recovery from checkpoint LSN=955359
2024-05-24 18:08:19 0 [Note] InnoDB: 128 out of 128 rollback segments are active.
2024-05-24 18:08:19 0 [Note] InnoDB: Removed temporary tablespace data file: "ibtmp1"
2024-05-24 18:08:19 0 [Note] InnoDB: Creating shared tablespace for temporary tables
2024-05-24 18:08:19 0 [Note] InnoDB: Setting file 'C:\xampp\mysql\data\ibtmp1' size to 12 MB. Physically writing the file full; Please wait ...
2024-05-24 18:08:19 0 [Note] InnoDB: File 'C:\xampp\mysql\data\ibtmp1' size is now 12 MB.
2024-05-24 18:08:19 0 [Note] InnoDB: Waiting for purge to start
2024-05-24 18:08:19 4 [ERROR] InnoDB: Page [page id: space=2, page number=4] log sequence number 1234592 is in the future! Current system log sequence number 955377.
2024-05-24 18:08:19 4 [ERROR] InnoDB: Your database may be corrupt or you may have copied the InnoDB tablespace but not the InnoDB log files. Please refer to https://mariadb.com/kb/en/library/innodb-recovery-modes/ for information about forcing recovery.
2024-05-24 18:08:19 3 [ERROR] InnoDB: Page [page id: space=1, page number=3] log sequence number 1234452 is in the future! Current system log sequence number 955377.
2024-05-24 18:08:19 3 [ERROR] InnoDB: Your database may be corrupt or you may have copied the InnoDB tablespace but not the InnoDB log files. Please refer to https://mariadb.com/kb/en/library/innodb-recovery-modes/ for information about forcing recovery.
2024-05-24 18:08:19 0 [Note] InnoDB: 10.4.28 started; log sequence number 955368; transaction id 1348
2024-05-24 18:08:19 0 [Note] InnoDB: Loading buffer pool(s) from C:\xampp\mysql\data\ib_buffer_pool
2024-05-24 18:08:19 0 [Note] Plugin 'FEEDBACK' is disabled.
2024-05-24 18:08:19 0 [Note] InnoDB: Buffer pool(s) load completed at 240524 18:08:19
2024-05-24 18:08:19 0 [Note] Server socket created on IP: '::'.
